<?xml version="1.0" encoding="UTF-8"?>
<!-- Generated by org.testng.reporters.JUnitReportReporter -->
<testsuite hostname="Jashwin-PC" failures="0" tests="1" name="amzpackage.AmazonProject.TestCase4_ViewWishlist" time="26.250" errors="0" timestamp="2025-06-05T00:54:04 EDT" skipped="0">
  <testcase classname="amzpackage.AmazonProject.TestCase4_ViewWishlist" name="withvalidvredentails" time="26.250"/>
</testsuite> <!-- amzpackage.AmazonProject.TestCase4_ViewWishlist -->
