<?xml version="1.0" encoding="UTF-8"?>
<!-- Generated by org.testng.reporters.JUnitReportReporter -->
<testsuite hostname="Jashwin-PC" failures="0" tests="1" name="amzpackage.AmazonProject.TestCase5_AddAddress" time="25.467" errors="0" timestamp="2025-06-05T16:18:42 EDT" skipped="0">
  <testcase classname="amzpackage.AmazonProject.TestCase5_AddAddress" name="withvalidvredentails" time="25.467"/>
</testsuite> <!-- amzpackage.AmazonProject.TestCase5_AddAddress -->
