<?xml version="1.0" encoding="UTF-8"?>
<!-- Generated by org.testng.reporters.JUnitReportReporter -->
<testsuite hostname="Jashwin-PC" failures="0" tests="1" name="amzpackage.AmazonProject.TestCase2_AddToCart" time="19.560" errors="0" timestamp="2025-06-16T23:20:10 EDT" skipped="0">
  <testcase classname="amzpackage.AmazonProject.TestCase2_AddToCart" name="withvalidvredentails" time="19.560"/>
</testsuite> <!-- amzpackage.AmazonProject.TestCase2_AddToCart -->
