<?xml version="1.0" encoding="UTF-8"?>
<!-- Generated by org.testng.reporters.JUnitReportReporter -->
<testsuite hostname="Jashwin-PC" failures="0" tests="1" name="amzpackage.AmazonProject.TestCase3_AddTowishlist" time="25.028" errors="0" timestamp="2025-06-07T23:17:24 EDT" skipped="0">
  <testcase classname="amzpackage.AmazonProject.TestCase3_AddTowishlist" name="withvalidvredentails" time="25.028"/>
</testsuite> <!-- amzpackage.AmazonProject.TestCase3_AddTowishlist -->
