<?xml version="1.0" encoding="UTF-8"?>
<!-- Generated by org.testng.reporters.JUnitReportReporter -->
<testsuite hostname="Jashwin-PC" failures="0" tests="1" name="amzpackage.AmazonProject.TestCase1_LoginToAmazonLogout" time="16.097" errors="0" timestamp="2025-06-16T23:21:13 EDT" skipped="0">
  <testcase classname="amzpackage.AmazonProject.TestCase1_LoginToAmazonLogout" name="withvalidvredentails" time="16.097"/>
</testsuite> <!-- amzpackage.AmazonProject.TestCase1_LoginToAmazonLogout -->
